2021-03-24 04:39:58 [::1][-][fqqc5pgv3venni3qlhptqmmmt5][error][yii\db\Exception] exception 'PDOException' with message 'SQLSTATE[HY000] [1049] Unknown database 'yii2advanced'' in D:\wamp\www\paper\vendor\yiisoft\yii2\db\Connection.php:600
Stack trace:
#0 D:\wamp\www\paper\vendor\yiisoft\yii2\db\Connection.php(600): PDO->__construct('mysql:host=loca...', 'root', '', NULL)
#1 D:\wamp\www\paper\vendor\yiisoft\yii2\db\Connection.php(542): yii\db\Connection->createPdoInstance()
#2 D:\wamp\www\paper\vendor\yiisoft\yii2\db\Connection.php(861): yii\db\Connection->open()
#3 D:\wamp\www\paper\vendor\yiisoft\yii2\db\Connection.php(848): yii\db\Connection->getMasterPdo()
#4 D:\wamp\www\paper\vendor\yiisoft\yii2\db\Command.php(219): yii\db\Connection->getSlavePdo()
#5 D:\wamp\www\paper\vendor\yiisoft\yii2\db\Command.php(894): yii\db\Command->prepare('<span class="ke...')
#6 D:\wamp\www\paper\vendor\yiisoft\yii2\db\Command.php(376): yii\db\Command->queryInternal('<span class="st...', '<span class="ke...')
#7 D:\wamp\www\paper\vendor\yiisoft\yii2\db\Query.php(247): yii\db\Command->queryOne()
#8 D:\wamp\www\paper\vendor\yiisoft\yii2\db\ActiveQuery.php(290): yii\db\Query->one('<span class="ke...')
#9 D:\wamp\www\paper\vendor\yiisoft\yii2\db\BaseActiveRecord.php(107): yii\db\ActiveQuery->one()
#10 D:\wamp\www\paper\common\models\User.php(64): yii\db\BaseActiveRecord::findOne('[<span class="s...')
#11 D:\wamp\www\paper\vendor\yiisoft\yii2\web\User.php(632): common\models\User::findIdentity('<span class="nu...')
#12 D:\wamp\www\paper\vendor\yiisoft\yii2\web\User.php(181): yii\web\User->renewAuthStatus()
#13 D:\wamp\www\paper\vendor\yiisoft\yii2\web\User.php(351): yii\web\User->getIdentity()
#14 D:\wamp\www\paper\vendor\yiisoft\yii2\filters\AccessRule.php(149): yii\web\User->getIsGuest()
#15 D:\wamp\www\paper\vendor\yiisoft\yii2\filters\AccessRule.php(104): yii\filters\AccessRule->matchRole(Object(yii\web\User))
#16 D:\wamp\www\paper\vendor\yiisoft\yii2\filters\AccessControl.php(118): yii\filters\AccessRule->allows(Object(yii\base\InlineAction), Object(yii\web\User), Object(yii\web\Request))
#17 D:\wamp\www\paper\vendor\yiisoft\yii2\base\ActionFilter.php(71): yii\filters\AccessControl->beforeAction(Object(yii\base\InlineAction))
#18 [internal function]: yii\base\ActionFilter->beforeFilter(Object(yii\base\ActionEvent))
#19 D:\wamp\www\paper\vendor\yiisoft\yii2\base\Component.php(541): call_user_func('[<span class="t...', Object(yii\base\ActionEvent))
#20 D:\wamp\www\paper\vendor\yiisoft\yii2\base\Controller.php(269): yii\base\Component->trigger('<span class="st...', Object(yii\base\ActionEvent))
#21 D:\wamp\www\paper\vendor\yiisoft\yii2\web\Controller.php(108): yii\base\Controller->beforeAction(Object(yii\base\InlineAction))
#22 D:\wamp\www\paper\vendor\yiisoft\yii2\base\Controller.php(152): yii\web\Controller->beforeAction(Object(yii\base\InlineAction))
#23 D:\wamp\www\paper\vendor\yiisoft\yii2\base\Module.php(454): yii\base\Controller->runAction('<span class="st...', '[]')
#24 D:\wamp\www\paper\vendor\yiisoft\yii2\web\Application.php(84): yii\base\Module->runAction('<span class="st...', '[]')
#25 D:\wamp\www\paper\vendor\yiisoft\yii2\base\Application.php(375): yii\web\Application->handleRequest(Object(yii\web\Request))
#26 D:\wamp\www\paper\backend\web\index.php(18): yii\base\Application->run()
#27 {main}

Next exception 'yii\db\Exception' with message 'SQLSTATE[HY000] [1049] Unknown database 'yii2advanced'' in D:\wamp\www\paper\vendor\yiisoft\yii2\db\Connection.php:547
Stack trace:
#0 D:\wamp\www\paper\vendor\yiisoft\yii2\db\Connection.php(861): yii\db\Connection->open()
#1 D:\wamp\www\paper\vendor\yiisoft\yii2\db\Connection.php(848): yii\db\Connection->getMasterPdo()
#2 D:\wamp\www\paper\vendor\yiisoft\yii2\db\Command.php(219): yii\db\Connection->getSlavePdo()
#3 D:\wamp\www\paper\vendor\yiisoft\yii2\db\Command.php(894): yii\db\Command->prepare('<span class="ke...')
#4 D:\wamp\www\paper\vendor\yiisoft\yii2\db\Command.php(376): yii\db\Command->queryInternal('<span class="st...', '<span class="ke...')
#5 D:\wamp\www\paper\vendor\yiisoft\yii2\db\Query.php(247): yii\db\Command->queryOne()
#6 D:\wamp\www\paper\vendor\yiisoft\yii2\db\ActiveQuery.php(290): yii\db\Query->one('<span class="ke...')
#7 D:\wamp\www\paper\vendor\yiisoft\yii2\db\BaseActiveRecord.php(107): yii\db\ActiveQuery->one()
#8 D:\wamp\www\paper\common\models\User.php(64): yii\db\BaseActiveRecord::findOne('[<span class="s...')
#9 D:\wamp\www\paper\vendor\yiisoft\yii2\web\User.php(632): common\models\User::findIdentity('<span class="nu...')
#10 D:\wamp\www\paper\vendor\yiisoft\yii2\web\User.php(181): yii\web\User->renewAuthStatus()
#11 D:\wamp\www\paper\vendor\yiisoft\yii2\web\User.php(351): yii\web\User->getIdentity()
#12 D:\wamp\www\paper\vendor\yiisoft\yii2\filters\AccessRule.php(149): yii\web\User->getIsGuest()
#13 D:\wamp\www\paper\vendor\yiisoft\yii2\filters\AccessRule.php(104): yii\filters\AccessRule->matchRole(Object(yii\web\User))
#14 D:\wamp\www\paper\vendor\yiisoft\yii2\filters\AccessControl.php(118): yii\filters\AccessRule->allows(Object(yii\base\InlineAction), Object(yii\web\User), Object(yii\web\Request))
#15 D:\wamp\www\paper\vendor\yiisoft\yii2\base\ActionFilter.php(71): yii\filters\AccessControl->beforeAction(Object(yii\base\InlineAction))
#16 [internal function]: yii\base\ActionFilter->beforeFilter(Object(yii\base\ActionEvent))
#17 D:\wamp\www\paper\vendor\yiisoft\yii2\base\Component.php(541): call_user_func('[<span class="t...', Object(yii\base\ActionEvent))
#18 D:\wamp\www\paper\vendor\yiisoft\yii2\base\Controller.php(269): yii\base\Component->trigger('<span class="st...', Object(yii\base\ActionEvent))
#19 D:\wamp\www\paper\vendor\yiisoft\yii2\web\Controller.php(108): yii\base\Controller->beforeAction(Object(yii\base\InlineAction))
#20 D:\wamp\www\paper\vendor\yiisoft\yii2\base\Controller.php(152): yii\web\Controller->beforeAction(Object(yii\base\InlineAction))
#21 D:\wamp\www\paper\vendor\yiisoft\yii2\base\Module.php(454): yii\base\Controller->runAction('<span class="st...', '[]')
#22 D:\wamp\www\paper\vendor\yiisoft\yii2\web\Application.php(84): yii\base\Module->runAction('<span class="st...', '[]')
#23 D:\wamp\www\paper\vendor\yiisoft\yii2\base\Application.php(375): yii\web\Application->handleRequest(Object(yii\web\Request))
#24 D:\wamp\www\paper\backend\web\index.php(18): yii\base\Application->run()
#25 {main}
Additional Information:

2021-03-24 04:39:58 [::1][-][fqqc5pgv3venni3qlhptqmmmt5][info][application] $_COOKIE = [
    'isfreeretainend' => 'true'
    'freePromorunningtmr' => '-40000'
    '_csrf' => 'ccdedd6e2b2a207422b737336e5a2499331e7e0bb4a19001bd32e4b043f055cca:2:{i:0;s:5:\"_csrf\";i:1;s:32:\"MPd7ONSfkUiMM12DKfzA6hV1b4we95Gt\";}'
    'PHPSESSID' => 'fqqc5pgv3venni3qlhptqmmmt5'
    '_identity' => 'c20c567a80268724e4ec0c404ddee0310b1981f4d0d783323e3f1c39aa23ff32a:2:{i:0;s:9:\"_identity\";i:1;s:46:\"[1,\"pG7TRyTIXlEbcenpi34TzmMYS2zDsMTF\",2592000]\";}'
    'vipPromorunningtmr' => ''
    'isvipretainend' => ''
]

$_SESSION = [
    '__flash' => []
    '__returnUrl' => '/paper/backend/web/index.php'
    '__id' => 1
]

$_SERVER = [
    'HTTP_HOST' => 'localhost'
    'HTTP_CONNECTION' => 'keep-alive'
    'HTTP_CACHE_CONTROL' => 'max-age=0'
    'HTTP_SEC_CH_UA' => '\"Chromium\";v=\"88\", \"Google Chrome\";v=\"88\", \";Not A Brand\";v=\"99\"'
    'HTTP_SEC_CH_UA_MOBILE' => '?0'
    'HTTP_UPGRADE_INSECURE_REQUESTS' => '1'
    'HTTP_USER_AGENT' => 'Mozilla/5.0 (Windows NT 10.0; Win64; x64) AppleWebKit/537.36 (KHTML, like Gecko) Chrome/88.0.4324.182 Safari/537.36'
    'HTTP_ACCEPT' => 'text/html,application/xhtml+xml,application/xml;q=0.9,image/avif,image/webp,image/apng,*/*;q=0.8,application/signed-exchange;v=b3;q=0.9'
    'HTTP_SEC_FETCH_SITE' => 'none'
    'HTTP_SEC_FETCH_MODE' => 'navigate'
    'HTTP_SEC_FETCH_USER' => '?1'
    'HTTP_SEC_FETCH_DEST' => 'document'
    'HTTP_ACCEPT_ENCODING' => 'gzip, deflate, br'
    'HTTP_ACCEPT_LANGUAGE' => 'zh-CN,zh;q=0.9,en;q=0.8'
    'HTTP_COOKIE' => 'isfreeretainend=true; freePromorunningtmr=-40000; _csrf=ccdedd6e2b2a207422b737336e5a2499331e7e0bb4a19001bd32e4b043f055cca%3A2%3A%7Bi%3A0%3Bs%3A5%3A%22_csrf%22%3Bi%3A1%3Bs%3A32%3A%22MPd7ONSfkUiMM12DKfzA6hV1b4we95Gt%22%3B%7D; PHPSESSID=fqqc5pgv3venni3qlhptqmmmt5; _identity=c20c567a80268724e4ec0c404ddee0310b1981f4d0d783323e3f1c39aa23ff32a%3A2%3A%7Bi%3A0%3Bs%3A9%3A%22_identity%22%3Bi%3A1%3Bs%3A46%3A%22%5B1%2C%22pG7TRyTIXlEbcenpi34TzmMYS2zDsMTF%22%2C2592000%5D%22%3B%7D; vipPromorunningtmr=; isvipretainend='
    'PATH' => 'C:\\Program Files (x86)\\Common Files\\Oracle\\Java\\javapath;C:\\Program Files (x86)\\Intel\\Intel(R) Management Engine Components\\iCLS\\;C:\\Program Files\\Intel\\Intel(R) Management Engine Components\\iCLS\\;C:\\Windows\\system32;C:\\Windows;C:\\Windows\\System32\\Wbem;C:\\Windows\\System32\\WindowsPowerShell\\v1.0\\;C:\\Program Files (x86)\\Intel\\Intel(R) Management Engine Components\\DAL;C:\\Program Files\\Intel\\Intel(R) Management Engine Components\\DAL;C:\\Program Files (x86)\\Intel\\Intel(R) Management Engine Components\\IPT;C:\\Program Files\\Intel\\Intel(R) Management Engine Components\\IPT;C:\\Program Files (x86)\\NVIDIA Corporation\\PhysX\\Common;C:\\WINDOWS\\system32;C:\\WINDOWS;C:\\WINDOWS\\System32\\Wbem;C:\\WINDOWS\\System32\\WindowsPowerShell\\v1.0\\;C:\\WINDOWS\\System32\\OpenSSH\\;D:\\DevTools\\jdk\\bin;C:\\Program Files\\dotnet\\;D:\\Andriod SDK\\tools;\";D:\\Andriod SDK\\build-tools\\25.0.3;D:\\Andriod SDK\\platform-tools;D:\\Andriod SDK\\tools;\";D:\\wamp\\bin\\php\\php5.5.12;E:\\Git\\Git\\cmd;C:\\WINDOWS\\system32\\config\\systemprofile\\AppData\\Local\\Microsoft\\WindowsApps'
    'SystemRoot' => 'C:\\WINDOWS'
    'COMSPEC' => 'C:\\WINDOWS\\system32\\cmd.exe'
    'PATHEXT' => '.COM;.EXE;.BAT;.CMD;.VBS;.VBE;.JS;.JSE;.WSF;.WSH;.MSC'
    'WINDIR' => 'C:\\WINDOWS'
    'SERVER_SIGNATURE' => '<address>Apache/2.4.9 (Win64) PHP/5.5.12 Server at localhost Port 80</address>
'
    'SERVER_SOFTWARE' => 'Apache/2.4.9 (Win64) PHP/5.5.12'
    'SERVER_NAME' => 'localhost'
    'SERVER_ADDR' => '::1'
    'SERVER_PORT' => '80'
    'REMOTE_ADDR' => '::1'
    'DOCUMENT_ROOT' => 'D:/wamp/www/'
    'REQUEST_SCHEME' => 'http'
    'CONTEXT_PREFIX' => ''
    'CONTEXT_DOCUMENT_ROOT' => 'D:/wamp/www/'
    'SERVER_ADMIN' => 'admin@example.com'
    'SCRIPT_FILENAME' => 'D:/wamp/www/paper/backend/web/index.php'
    'REMOTE_PORT' => '51803'
    'GATEWAY_INTERFACE' => 'CGI/1.1'
    'SERVER_PROTOCOL' => 'HTTP/1.1'
    'REQUEST_METHOD' => 'GET'
    'QUERY_STRING' => ''
    'REQUEST_URI' => '/paper/backend/web/index.php'
    'SCRIPT_NAME' => '/paper/backend/web/index.php'
    'PHP_SELF' => '/paper/backend/web/index.php'
    'REQUEST_TIME_FLOAT' => 1616557198.112
    'REQUEST_TIME' => 1616557198
]
2021-03-24 04:39:59 [::1][-][fqqc5pgv3venni3qlhptqmmmt5][error][yii\db\Exception] exception 'PDOException' with message 'SQLSTATE[HY000] [1049] Unknown database 'yii2advanced'' in D:\wamp\www\paper\vendor\yiisoft\yii2\db\Connection.php:600
Stack trace:
#0 D:\wamp\www\paper\vendor\yiisoft\yii2\db\Connection.php(600): PDO->__construct('mysql:host=loca...', 'root', '', NULL)
#1 D:\wamp\www\paper\vendor\yiisoft\yii2\db\Connection.php(542): yii\db\Connection->createPdoInstance()
#2 D:\wamp\www\paper\vendor\yiisoft\yii2\db\Connection.php(861): yii\db\Connection->open()
#3 D:\wamp\www\paper\vendor\yiisoft\yii2\db\Connection.php(848): yii\db\Connection->getMasterPdo()
#4 D:\wamp\www\paper\vendor\yiisoft\yii2\db\Command.php(219): yii\db\Connection->getSlavePdo()
#5 D:\wamp\www\paper\vendor\yiisoft\yii2\db\Command.php(894): yii\db\Command->prepare('<span class="ke...')
#6 D:\wamp\www\paper\vendor\yiisoft\yii2\db\Command.php(376): yii\db\Command->queryInternal('<span class="st...', '<span class="ke...')
#7 D:\wamp\www\paper\vendor\yiisoft\yii2\db\Query.php(247): yii\db\Command->queryOne()
#8 D:\wamp\www\paper\vendor\yiisoft\yii2\db\ActiveQuery.php(290): yii\db\Query->one('<span class="ke...')
#9 D:\wamp\www\paper\vendor\yiisoft\yii2\db\BaseActiveRecord.php(107): yii\db\ActiveQuery->one()
#10 D:\wamp\www\paper\common\models\User.php(64): yii\db\BaseActiveRecord::findOne('[<span class="s...')
#11 D:\wamp\www\paper\vendor\yiisoft\yii2\web\User.php(632): common\models\User::findIdentity('<span class="nu...')
#12 D:\wamp\www\paper\vendor\yiisoft\yii2\web\User.php(181): yii\web\User->renewAuthStatus()
#13 D:\wamp\www\paper\vendor\yiisoft\yii2\web\User.php(351): yii\web\User->getIdentity()
#14 D:\wamp\www\paper\vendor\yiisoft\yii2\filters\AccessRule.php(149): yii\web\User->getIsGuest()
#15 D:\wamp\www\paper\vendor\yiisoft\yii2\filters\AccessRule.php(104): yii\filters\AccessRule->matchRole(Object(yii\web\User))
#16 D:\wamp\www\paper\vendor\yiisoft\yii2\filters\AccessControl.php(118): yii\filters\AccessRule->allows(Object(yii\base\InlineAction), Object(yii\web\User), Object(yii\web\Request))
#17 D:\wamp\www\paper\vendor\yiisoft\yii2\base\ActionFilter.php(71): yii\filters\AccessControl->beforeAction(Object(yii\base\InlineAction))
#18 [internal function]: yii\base\ActionFilter->beforeFilter(Object(yii\base\ActionEvent))
#19 D:\wamp\www\paper\vendor\yiisoft\yii2\base\Component.php(541): call_user_func('[<span class="t...', Object(yii\base\ActionEvent))
#20 D:\wamp\www\paper\vendor\yiisoft\yii2\base\Controller.php(269): yii\base\Component->trigger('<span class="st...', Object(yii\base\ActionEvent))
#21 D:\wamp\www\paper\vendor\yiisoft\yii2\web\Controller.php(108): yii\base\Controller->beforeAction(Object(yii\base\InlineAction))
#22 D:\wamp\www\paper\vendor\yiisoft\yii2\base\Controller.php(152): yii\web\Controller->beforeAction(Object(yii\base\InlineAction))
#23 D:\wamp\www\paper\vendor\yiisoft\yii2\base\Module.php(454): yii\base\Controller->runAction('<span class="st...', '[]')
#24 D:\wamp\www\paper\vendor\yiisoft\yii2\web\Application.php(84): yii\base\Module->runAction('<span class="st...', '[]')
#25 D:\wamp\www\paper\vendor\yiisoft\yii2\base\Application.php(375): yii\web\Application->handleRequest(Object(yii\web\Request))
#26 D:\wamp\www\paper\backend\web\index.php(18): yii\base\Application->run()
#27 {main}

Next exception 'yii\db\Exception' with message 'SQLSTATE[HY000] [1049] Unknown database 'yii2advanced'' in D:\wamp\www\paper\vendor\yiisoft\yii2\db\Connection.php:547
Stack trace:
#0 D:\wamp\www\paper\vendor\yiisoft\yii2\db\Connection.php(861): yii\db\Connection->open()
#1 D:\wamp\www\paper\vendor\yiisoft\yii2\db\Connection.php(848): yii\db\Connection->getMasterPdo()
#2 D:\wamp\www\paper\vendor\yiisoft\yii2\db\Command.php(219): yii\db\Connection->getSlavePdo()
#3 D:\wamp\www\paper\vendor\yiisoft\yii2\db\Command.php(894): yii\db\Command->prepare('<span class="ke...')
#4 D:\wamp\www\paper\vendor\yiisoft\yii2\db\Command.php(376): yii\db\Command->queryInternal('<span class="st...', '<span class="ke...')
#5 D:\wamp\www\paper\vendor\yiisoft\yii2\db\Query.php(247): yii\db\Command->queryOne()
#6 D:\wamp\www\paper\vendor\yiisoft\yii2\db\ActiveQuery.php(290): yii\db\Query->one('<span class="ke...')
#7 D:\wamp\www\paper\vendor\yiisoft\yii2\db\BaseActiveRecord.php(107): yii\db\ActiveQuery->one()
#8 D:\wamp\www\paper\common\models\User.php(64): yii\db\BaseActiveRecord::findOne('[<span class="s...')
#9 D:\wamp\www\paper\vendor\yiisoft\yii2\web\User.php(632): common\models\User::findIdentity('<span class="nu...')
#10 D:\wamp\www\paper\vendor\yiisoft\yii2\web\User.php(181): yii\web\User->renewAuthStatus()
#11 D:\wamp\www\paper\vendor\yiisoft\yii2\web\User.php(351): yii\web\User->getIdentity()
#12 D:\wamp\www\paper\vendor\yiisoft\yii2\filters\AccessRule.php(149): yii\web\User->getIsGuest()
#13 D:\wamp\www\paper\vendor\yiisoft\yii2\filters\AccessRule.php(104): yii\filters\AccessRule->matchRole(Object(yii\web\User))
#14 D:\wamp\www\paper\vendor\yiisoft\yii2\filters\AccessControl.php(118): yii\filters\AccessRule->allows(Object(yii\base\InlineAction), Object(yii\web\User), Object(yii\web\Request))
#15 D:\wamp\www\paper\vendor\yiisoft\yii2\base\ActionFilter.php(71): yii\filters\AccessControl->beforeAction(Object(yii\base\InlineAction))
#16 [internal function]: yii\base\ActionFilter->beforeFilter(Object(yii\base\ActionEvent))
#17 D:\wamp\www\paper\vendor\yiisoft\yii2\base\Component.php(541): call_user_func('[<span class="t...', Object(yii\base\ActionEvent))
#18 D:\wamp\www\paper\vendor\yiisoft\yii2\base\Controller.php(269): yii\base\Component->trigger('<span class="st...', Object(yii\base\ActionEvent))
#19 D:\wamp\www\paper\vendor\yiisoft\yii2\web\Controller.php(108): yii\base\Controller->beforeAction(Object(yii\base\InlineAction))
#20 D:\wamp\www\paper\vendor\yiisoft\yii2\base\Controller.php(152): yii\web\Controller->beforeAction(Object(yii\base\InlineAction))
#21 D:\wamp\www\paper\vendor\yiisoft\yii2\base\Module.php(454): yii\base\Controller->runAction('<span class="st...', '[]')
#22 D:\wamp\www\paper\vendor\yiisoft\yii2\web\Application.php(84): yii\base\Module->runAction('<span class="st...', '[]')
#23 D:\wamp\www\paper\vendor\yiisoft\yii2\base\Application.php(375): yii\web\Application->handleRequest(Object(yii\web\Request))
#24 D:\wamp\www\paper\backend\web\index.php(18): yii\base\Application->run()
#25 {main}
Additional Information:

2021-03-24 04:39:59 [::1][-][fqqc5pgv3venni3qlhptqmmmt5][info][application] $_COOKIE = [
    'isfreeretainend' => 'true'
    'freePromorunningtmr' => '-40000'
    '_csrf' => 'ccdedd6e2b2a207422b737336e5a2499331e7e0bb4a19001bd32e4b043f055cca:2:{i:0;s:5:\"_csrf\";i:1;s:32:\"MPd7ONSfkUiMM12DKfzA6hV1b4we95Gt\";}'
    'PHPSESSID' => 'fqqc5pgv3venni3qlhptqmmmt5'
    '_identity' => 'c20c567a80268724e4ec0c404ddee0310b1981f4d0d783323e3f1c39aa23ff32a:2:{i:0;s:9:\"_identity\";i:1;s:46:\"[1,\"pG7TRyTIXlEbcenpi34TzmMYS2zDsMTF\",2592000]\";}'
    'vipPromorunningtmr' => ''
    'isvipretainend' => ''
]

$_SESSION = [
    '__flash' => []
    '__returnUrl' => '/paper/backend/web/index.php'
    '__id' => 1
]

$_SERVER = [
    'HTTP_HOST' => 'localhost'
    'HTTP_CONNECTION' => 'keep-alive'
    'HTTP_CACHE_CONTROL' => 'max-age=0'
    'HTTP_SEC_CH_UA' => '\"Chromium\";v=\"88\", \"Google Chrome\";v=\"88\", \";Not A Brand\";v=\"99\"'
    'HTTP_SEC_CH_UA_MOBILE' => '?0'
    'HTTP_UPGRADE_INSECURE_REQUESTS' => '1'
    'HTTP_USER_AGENT' => 'Mozilla/5.0 (Windows NT 10.0; Win64; x64) AppleWebKit/537.36 (KHTML, like Gecko) Chrome/88.0.4324.182 Safari/537.36'
    'HTTP_ACCEPT' => 'text/html,application/xhtml+xml,application/xml;q=0.9,image/avif,image/webp,image/apng,*/*;q=0.8,application/signed-exchange;v=b3;q=0.9'
    'HTTP_SEC_FETCH_SITE' => 'none'
    'HTTP_SEC_FETCH_MODE' => 'navigate'
    'HTTP_SEC_FETCH_USER' => '?1'
    'HTTP_SEC_FETCH_DEST' => 'document'
    'HTTP_ACCEPT_ENCODING' => 'gzip, deflate, br'
    'HTTP_ACCEPT_LANGUAGE' => 'zh-CN,zh;q=0.9,en;q=0.8'
    'HTTP_COOKIE' => 'isfreeretainend=true; freePromorunningtmr=-40000; _csrf=ccdedd6e2b2a207422b737336e5a2499331e7e0bb4a19001bd32e4b043f055cca%3A2%3A%7Bi%3A0%3Bs%3A5%3A%22_csrf%22%3Bi%3A1%3Bs%3A32%3A%22MPd7ONSfkUiMM12DKfzA6hV1b4we95Gt%22%3B%7D; PHPSESSID=fqqc5pgv3venni3qlhptqmmmt5; _identity=c20c567a80268724e4ec0c404ddee0310b1981f4d0d783323e3f1c39aa23ff32a%3A2%3A%7Bi%3A0%3Bs%3A9%3A%22_identity%22%3Bi%3A1%3Bs%3A46%3A%22%5B1%2C%22pG7TRyTIXlEbcenpi34TzmMYS2zDsMTF%22%2C2592000%5D%22%3B%7D; vipPromorunningtmr=; isvipretainend='
    'PATH' => 'C:\\Program Files (x86)\\Common Files\\Oracle\\Java\\javapath;C:\\Program Files (x86)\\Intel\\Intel(R) Management Engine Components\\iCLS\\;C:\\Program Files\\Intel\\Intel(R) Management Engine Components\\iCLS\\;C:\\Windows\\system32;C:\\Windows;C:\\Windows\\System32\\Wbem;C:\\Windows\\System32\\WindowsPowerShell\\v1.0\\;C:\\Program Files (x86)\\Intel\\Intel(R) Management Engine Components\\DAL;C:\\Program Files\\Intel\\Intel(R) Management Engine Components\\DAL;C:\\Program Files (x86)\\Intel\\Intel(R) Management Engine Components\\IPT;C:\\Program Files\\Intel\\Intel(R) Management Engine Components\\IPT;C:\\Program Files (x86)\\NVIDIA Corporation\\PhysX\\Common;C:\\WINDOWS\\system32;C:\\WINDOWS;C:\\WINDOWS\\System32\\Wbem;C:\\WINDOWS\\System32\\WindowsPowerShell\\v1.0\\;C:\\WINDOWS\\System32\\OpenSSH\\;D:\\DevTools\\jdk\\bin;C:\\Program Files\\dotnet\\;D:\\Andriod SDK\\tools;\";D:\\Andriod SDK\\build-tools\\25.0.3;D:\\Andriod SDK\\platform-tools;D:\\Andriod SDK\\tools;\";D:\\wamp\\bin\\php\\php5.5.12;E:\\Git\\Git\\cmd;C:\\WINDOWS\\system32\\config\\systemprofile\\AppData\\Local\\Microsoft\\WindowsApps'
    'SystemRoot' => 'C:\\WINDOWS'
    'COMSPEC' => 'C:\\WINDOWS\\system32\\cmd.exe'
    'PATHEXT' => '.COM;.EXE;.BAT;.CMD;.VBS;.VBE;.JS;.JSE;.WSF;.WSH;.MSC'
    'WINDIR' => 'C:\\WINDOWS'
    'SERVER_SIGNATURE' => '<address>Apache/2.4.9 (Win64) PHP/5.5.12 Server at localhost Port 80</address>
'
    'SERVER_SOFTWARE' => 'Apache/2.4.9 (Win64) PHP/5.5.12'
    'SERVER_NAME' => 'localhost'
    'SERVER_ADDR' => '::1'
    'SERVER_PORT' => '80'
    'REMOTE_ADDR' => '::1'
    'DOCUMENT_ROOT' => 'D:/wamp/www/'
    'REQUEST_SCHEME' => 'http'
    'CONTEXT_PREFIX' => ''
    'CONTEXT_DOCUMENT_ROOT' => 'D:/wamp/www/'
    'SERVER_ADMIN' => 'admin@example.com'
    'SCRIPT_FILENAME' => 'D:/wamp/www/paper/backend/web/index.php'
    'REMOTE_PORT' => '51804'
    'GATEWAY_INTERFACE' => 'CGI/1.1'
    'SERVER_PROTOCOL' => 'HTTP/1.1'
    'REQUEST_METHOD' => 'GET'
    'QUERY_STRING' => ''
    'REQUEST_URI' => '/paper/backend/web/index.php'
    'SCRIPT_NAME' => '/paper/backend/web/index.php'
    'PHP_SELF' => '/paper/backend/web/index.php'
    'REQUEST_TIME_FLOAT' => 1616557199.592
    'REQUEST_TIME' => 1616557199
]
2021-03-24 04:50:04 [::1][1][dg6l7ak9tida51u0338iqmo464][error][yii\base\ErrorException:8] exception 'yii\base\ErrorException' with message 'Use of undefined constant Lin - assumed 'Lin'' in D:\wamp\www\paper\backend\views\layouts\main.php:72
Stack trace:
#0 D:\wamp\www\paper\vendor\yiisoft\yii2\base\View.php(247): yii\base\View->renderPhpFile()
#1 D:\wamp\www\paper\vendor\yiisoft\yii2\base\Controller.php(393): yii\base\View->renderFile()
#2 D:\wamp\www\paper\vendor\yiisoft\yii2\base\Controller.php(379): yii\base\Controller->renderContent()
#3 D:\wamp\www\paper\backend\controllers\SiteController.php(58): yii\base\Controller->render()
#4 D:\wamp\www\paper\vendor\yiisoft\yii2\base\InlineAction.php(55): backend\controllers\SiteController->actionIndex()
#5 D:\wamp\www\paper\vendor\yiisoft\yii2\base\InlineAction.php(55): ::call_user_func_array:{D:\wamp\www\paper\vendor\yiisoft\yii2\base\InlineAction.php:55}()
#6 D:\wamp\www\paper\vendor\yiisoft\yii2\base\Controller.php(154): yii\base\InlineAction->runWithParams()
#7 D:\wamp\www\paper\vendor\yiisoft\yii2\base\Module.php(454): yii\base\Controller->runAction()
#8 D:\wamp\www\paper\vendor\yiisoft\yii2\web\Application.php(84): yii\base\Module->runAction()
#9 D:\wamp\www\paper\vendor\yiisoft\yii2\base\Application.php(375): yii\web\Application->handleRequest()
#10 D:\wamp\www\paper\backend\web\index.php(18): yii\base\Application->run()
#11 {main}
2021-03-24 04:50:04 [::1][1][dg6l7ak9tida51u0338iqmo464][info][application] $_COOKIE = [
    'isfreeretainend' => 'true'
    'freePromorunningtmr' => '-40000'
    'vipPromorunningtmr' => ''
    'isvipretainend' => ''
    '_csrf' => 'fd992728f2442e97fb812b9fc052e01639e88cfb128edfdc946a300469e77a21a:2:{i:0;s:5:\"_csrf\";i:1;s:32:\"nP4vrf6HOEdptoxaF5JYmzrmWDFmuvga\";}'
    'PHPSESSID' => 'dg6l7ak9tida51u0338iqmo464'
    '_identity' => '3f453758046abb7b01624f9c4e80a6f592a97f797adf1c8a5fb64afa3e06481fa:2:{i:0;s:9:\"_identity\";i:1;s:46:\"[1,\"pG7TRyTIXlEbcenpi34TzmMYS2zDsMTF\",2592000]\";}'
]

$_SESSION = [
    '__flash' => []
    '__returnUrl' => '/paper/backend/web/index.php'
    '__id' => 1
]

$_SERVER = [
    'HTTP_HOST' => 'localhost'
    'HTTP_CONNECTION' => 'keep-alive'
    'HTTP_CACHE_CONTROL' => 'max-age=0'
    'HTTP_SEC_CH_UA' => '\"Chromium\";v=\"88\", \"Google Chrome\";v=\"88\", \";Not A Brand\";v=\"99\"'
    'HTTP_SEC_CH_UA_MOBILE' => '?0'
    'HTTP_UPGRADE_INSECURE_REQUESTS' => '1'
    'HTTP_USER_AGENT' => 'Mozilla/5.0 (Windows NT 10.0; Win64; x64) AppleWebKit/537.36 (KHTML, like Gecko) Chrome/88.0.4324.182 Safari/537.36'
    'HTTP_ACCEPT' => 'text/html,application/xhtml+xml,application/xml;q=0.9,image/avif,image/webp,image/apng,*/*;q=0.8,application/signed-exchange;v=b3;q=0.9'
    'HTTP_SEC_FETCH_SITE' => 'same-origin'
    'HTTP_SEC_FETCH_MODE' => 'navigate'
    'HTTP_SEC_FETCH_USER' => '?1'
    'HTTP_SEC_FETCH_DEST' => 'document'
    'HTTP_REFERER' => 'http://localhost/paper/backend/web/index.php'
    'HTTP_ACCEPT_ENCODING' => 'gzip, deflate, br'
    'HTTP_ACCEPT_LANGUAGE' => 'zh-CN,zh;q=0.9,en;q=0.8'
    'HTTP_COOKIE' => 'isfreeretainend=true; freePromorunningtmr=-40000; vipPromorunningtmr=; isvipretainend=; _csrf=fd992728f2442e97fb812b9fc052e01639e88cfb128edfdc946a300469e77a21a%3A2%3A%7Bi%3A0%3Bs%3A5%3A%22_csrf%22%3Bi%3A1%3Bs%3A32%3A%22nP4vrf6HOEdptoxaF5JYmzrmWDFmuvga%22%3B%7D; PHPSESSID=dg6l7ak9tida51u0338iqmo464; _identity=3f453758046abb7b01624f9c4e80a6f592a97f797adf1c8a5fb64afa3e06481fa%3A2%3A%7Bi%3A0%3Bs%3A9%3A%22_identity%22%3Bi%3A1%3Bs%3A46%3A%22%5B1%2C%22pG7TRyTIXlEbcenpi34TzmMYS2zDsMTF%22%2C2592000%5D%22%3B%7D'
    'PATH' => 'C:\\Program Files (x86)\\Common Files\\Oracle\\Java\\javapath;C:\\Program Files (x86)\\Intel\\Intel(R) Management Engine Components\\iCLS\\;C:\\Program Files\\Intel\\Intel(R) Management Engine Components\\iCLS\\;C:\\Windows\\system32;C:\\Windows;C:\\Windows\\System32\\Wbem;C:\\Windows\\System32\\WindowsPowerShell\\v1.0\\;C:\\Program Files (x86)\\Intel\\Intel(R) Management Engine Components\\DAL;C:\\Program Files\\Intel\\Intel(R) Management Engine Components\\DAL;C:\\Program Files (x86)\\Intel\\Intel(R) Management Engine Components\\IPT;C:\\Program Files\\Intel\\Intel(R) Management Engine Components\\IPT;C:\\Program Files (x86)\\NVIDIA Corporation\\PhysX\\Common;C:\\WINDOWS\\system32;C:\\WINDOWS;C:\\WINDOWS\\System32\\Wbem;C:\\WINDOWS\\System32\\WindowsPowerShell\\v1.0\\;C:\\WINDOWS\\System32\\OpenSSH\\;D:\\DevTools\\jdk\\bin;C:\\Program Files\\dotnet\\;D:\\Andriod SDK\\tools;\";D:\\Andriod SDK\\build-tools\\25.0.3;D:\\Andriod SDK\\platform-tools;D:\\Andriod SDK\\tools;\";D:\\wamp\\bin\\php\\php5.5.12;E:\\Git\\Git\\cmd;C:\\WINDOWS\\system32\\config\\systemprofile\\AppData\\Local\\Microsoft\\WindowsApps'
    'SystemRoot' => 'C:\\WINDOWS'
    'COMSPEC' => 'C:\\WINDOWS\\system32\\cmd.exe'
    'PATHEXT' => '.COM;.EXE;.BAT;.CMD;.VBS;.VBE;.JS;.JSE;.WSF;.WSH;.MSC'
    'WINDIR' => 'C:\\WINDOWS'
    'SERVER_SIGNATURE' => '<address>Apache/2.4.9 (Win64) PHP/5.5.12 Server at localhost Port 80</address>
'
    'SERVER_SOFTWARE' => 'Apache/2.4.9 (Win64) PHP/5.5.12'
    'SERVER_NAME' => 'localhost'
    'SERVER_ADDR' => '::1'
    'SERVER_PORT' => '80'
    'REMOTE_ADDR' => '::1'
    'DOCUMENT_ROOT' => 'D:/wamp/www/'
    'REQUEST_SCHEME' => 'http'
    'CONTEXT_PREFIX' => ''
    'CONTEXT_DOCUMENT_ROOT' => 'D:/wamp/www/'
    'SERVER_ADMIN' => 'admin@example.com'
    'SCRIPT_FILENAME' => 'D:/wamp/www/paper/backend/web/index.php'
    'REMOTE_PORT' => '51978'
    'GATEWAY_INTERFACE' => 'CGI/1.1'
    'SERVER_PROTOCOL' => 'HTTP/1.1'
    'REQUEST_METHOD' => 'GET'
    'QUERY_STRING' => ''
    'REQUEST_URI' => '/paper/backend/web/index.php'
    'SCRIPT_NAME' => '/paper/backend/web/index.php'
    'PHP_SELF' => '/paper/backend/web/index.php'
    'REQUEST_TIME_FLOAT' => 1616557804.009
    'REQUEST_TIME' => 1616557804
]
2021-03-24 04:50:06 [::1][1][dg6l7ak9tida51u0338iqmo464][error][yii\base\ErrorException:8] exception 'yii\base\ErrorException' with message 'Use of undefined constant Lin - assumed 'Lin'' in D:\wamp\www\paper\backend\views\layouts\main.php:72
Stack trace:
#0 D:\wamp\www\paper\vendor\yiisoft\yii2\base\View.php(247): yii\base\View->renderPhpFile()
#1 D:\wamp\www\paper\vendor\yiisoft\yii2\base\Controller.php(393): yii\base\View->renderFile()
#2 D:\wamp\www\paper\vendor\yiisoft\yii2\base\Controller.php(379): yii\base\Controller->renderContent()
#3 D:\wamp\www\paper\backend\controllers\SiteController.php(58): yii\base\Controller->render()
#4 D:\wamp\www\paper\vendor\yiisoft\yii2\base\InlineAction.php(55): backend\controllers\SiteController->actionIndex()
#5 D:\wamp\www\paper\vendor\yiisoft\yii2\base\InlineAction.php(55): ::call_user_func_array:{D:\wamp\www\paper\vendor\yiisoft\yii2\base\InlineAction.php:55}()
#6 D:\wamp\www\paper\vendor\yiisoft\yii2\base\Controller.php(154): yii\base\InlineAction->runWithParams()
#7 D:\wamp\www\paper\vendor\yiisoft\yii2\base\Module.php(454): yii\base\Controller->runAction()
#8 D:\wamp\www\paper\vendor\yiisoft\yii2\web\Application.php(84): yii\base\Module->runAction()
#9 D:\wamp\www\paper\vendor\yiisoft\yii2\base\Application.php(375): yii\web\Application->handleRequest()
#10 D:\wamp\www\paper\backend\web\index.php(18): yii\base\Application->run()
#11 {main}
2021-03-24 04:50:05 [::1][1][dg6l7ak9tida51u0338iqmo464][info][application] $_COOKIE = [
    'isfreeretainend' => 'true'
    'freePromorunningtmr' => '-40000'
    'vipPromorunningtmr' => ''
    'isvipretainend' => ''
    '_csrf' => 'fd992728f2442e97fb812b9fc052e01639e88cfb128edfdc946a300469e77a21a:2:{i:0;s:5:\"_csrf\";i:1;s:32:\"nP4vrf6HOEdptoxaF5JYmzrmWDFmuvga\";}'
    'PHPSESSID' => 'dg6l7ak9tida51u0338iqmo464'
    '_identity' => '3f453758046abb7b01624f9c4e80a6f592a97f797adf1c8a5fb64afa3e06481fa:2:{i:0;s:9:\"_identity\";i:1;s:46:\"[1,\"pG7TRyTIXlEbcenpi34TzmMYS2zDsMTF\",2592000]\";}'
]

$_SESSION = [
    '__flash' => []
    '__returnUrl' => '/paper/backend/web/index.php'
    '__id' => 1
]

$_SERVER = [
    'HTTP_HOST' => 'localhost'
    'HTTP_CONNECTION' => 'keep-alive'
    'HTTP_UPGRADE_INSECURE_REQUESTS' => '1'
    'HTTP_USER_AGENT' => 'Mozilla/5.0 (Windows NT 10.0; Win64; x64) AppleWebKit/537.36 (KHTML, like Gecko) Chrome/88.0.4324.182 Safari/537.36'
    'HTTP_ACCEPT' => 'text/html,application/xhtml+xml,application/xml;q=0.9,image/avif,image/webp,image/apng,*/*;q=0.8,application/signed-exchange;v=b3;q=0.9'
    'HTTP_SEC_FETCH_SITE' => 'same-origin'
    'HTTP_SEC_FETCH_MODE' => 'navigate'
    'HTTP_SEC_FETCH_DEST' => 'document'
    'HTTP_SEC_CH_UA' => '\"Chromium\";v=\"88\", \"Google Chrome\";v=\"88\", \";Not A Brand\";v=\"99\"'
    'HTTP_SEC_CH_UA_MOBILE' => '?0'
    'HTTP_REFERER' => 'http://localhost/paper/backend/web/index.php?r=site%2Flogin'
    'HTTP_ACCEPT_ENCODING' => 'gzip, deflate, br'
    'HTTP_ACCEPT_LANGUAGE' => 'zh-CN,zh;q=0.9,en;q=0.8'
    'HTTP_COOKIE' => 'isfreeretainend=true; freePromorunningtmr=-40000; vipPromorunningtmr=; isvipretainend=; _csrf=fd992728f2442e97fb812b9fc052e01639e88cfb128edfdc946a300469e77a21a%3A2%3A%7Bi%3A0%3Bs%3A5%3A%22_csrf%22%3Bi%3A1%3Bs%3A32%3A%22nP4vrf6HOEdptoxaF5JYmzrmWDFmuvga%22%3B%7D; PHPSESSID=dg6l7ak9tida51u0338iqmo464; _identity=3f453758046abb7b01624f9c4e80a6f592a97f797adf1c8a5fb64afa3e06481fa%3A2%3A%7Bi%3A0%3Bs%3A9%3A%22_identity%22%3Bi%3A1%3Bs%3A46%3A%22%5B1%2C%22pG7TRyTIXlEbcenpi34TzmMYS2zDsMTF%22%2C2592000%5D%22%3B%7D'
    'PATH' => 'C:\\Program Files (x86)\\Common Files\\Oracle\\Java\\javapath;C:\\Program Files (x86)\\Intel\\Intel(R) Management Engine Components\\iCLS\\;C:\\Program Files\\Intel\\Intel(R) Management Engine Components\\iCLS\\;C:\\Windows\\system32;C:\\Windows;C:\\Windows\\System32\\Wbem;C:\\Windows\\System32\\WindowsPowerShell\\v1.0\\;C:\\Program Files (x86)\\Intel\\Intel(R) Management Engine Components\\DAL;C:\\Program Files\\Intel\\Intel(R) Management Engine Components\\DAL;C:\\Program Files (x86)\\Intel\\Intel(R) Management Engine Components\\IPT;C:\\Program Files\\Intel\\Intel(R) Management Engine Components\\IPT;C:\\Program Files (x86)\\NVIDIA Corporation\\PhysX\\Common;C:\\WINDOWS\\system32;C:\\WINDOWS;C:\\WINDOWS\\System32\\Wbem;C:\\WINDOWS\\System32\\WindowsPowerShell\\v1.0\\;C:\\WINDOWS\\System32\\OpenSSH\\;D:\\DevTools\\jdk\\bin;C:\\Program Files\\dotnet\\;D:\\Andriod SDK\\tools;\";D:\\Andriod SDK\\build-tools\\25.0.3;D:\\Andriod SDK\\platform-tools;D:\\Andriod SDK\\tools;\";D:\\wamp\\bin\\php\\php5.5.12;E:\\Git\\Git\\cmd;C:\\WINDOWS\\system32\\config\\systemprofile\\AppData\\Local\\Microsoft\\WindowsApps'
    'SystemRoot' => 'C:\\WINDOWS'
    'COMSPEC' => 'C:\\WINDOWS\\system32\\cmd.exe'
    'PATHEXT' => '.COM;.EXE;.BAT;.CMD;.VBS;.VBE;.JS;.JSE;.WSF;.WSH;.MSC'
    'WINDIR' => 'C:\\WINDOWS'
    'SERVER_SIGNATURE' => '<address>Apache/2.4.9 (Win64) PHP/5.5.12 Server at localhost Port 80</address>
'
    'SERVER_SOFTWARE' => 'Apache/2.4.9 (Win64) PHP/5.5.12'
    'SERVER_NAME' => 'localhost'
    'SERVER_ADDR' => '::1'
    'SERVER_PORT' => '80'
    'REMOTE_ADDR' => '::1'
    'DOCUMENT_ROOT' => 'D:/wamp/www/'
    'REQUEST_SCHEME' => 'http'
    'CONTEXT_PREFIX' => ''
    'CONTEXT_DOCUMENT_ROOT' => 'D:/wamp/www/'
    'SERVER_ADMIN' => 'admin@example.com'
    'SCRIPT_FILENAME' => 'D:/wamp/www/paper/backend/web/index.php'
    'REMOTE_PORT' => '51979'
    'GATEWAY_INTERFACE' => 'CGI/1.1'
    'SERVER_PROTOCOL' => 'HTTP/1.1'
    'REQUEST_METHOD' => 'GET'
    'QUERY_STRING' => ''
    'REQUEST_URI' => '/paper/backend/web/index.php'
    'SCRIPT_NAME' => '/paper/backend/web/index.php'
    'PHP_SELF' => '/paper/backend/web/index.php'
    'REQUEST_TIME_FLOAT' => 1616557805.971
    'REQUEST_TIME' => 1616557805
]
2021-03-24 04:50:23 [::1][1][dg6l7ak9tida51u0338iqmo464][error][yii\base\ErrorException:8] exception 'yii\base\ErrorException' with message 'Use of undefined constant Lin - assumed 'Lin'' in D:\wamp\www\paper\backend\views\layouts\main.php:72
Stack trace:
#0 D:\wamp\www\paper\vendor\yiisoft\yii2\base\View.php(247): yii\base\View->renderPhpFile()
#1 D:\wamp\www\paper\vendor\yiisoft\yii2\base\Controller.php(393): yii\base\View->renderFile()
#2 D:\wamp\www\paper\vendor\yiisoft\yii2\base\Controller.php(379): yii\base\Controller->renderContent()
#3 D:\wamp\www\paper\backend\controllers\SiteController.php(58): yii\base\Controller->render()
#4 D:\wamp\www\paper\vendor\yiisoft\yii2\base\InlineAction.php(55): backend\controllers\SiteController->actionIndex()
#5 D:\wamp\www\paper\vendor\yiisoft\yii2\base\InlineAction.php(55): ::call_user_func_array:{D:\wamp\www\paper\vendor\yiisoft\yii2\base\InlineAction.php:55}()
#6 D:\wamp\www\paper\vendor\yiisoft\yii2\base\Controller.php(154): yii\base\InlineAction->runWithParams()
#7 D:\wamp\www\paper\vendor\yiisoft\yii2\base\Module.php(454): yii\base\Controller->runAction()
#8 D:\wamp\www\paper\vendor\yiisoft\yii2\web\Application.php(84): yii\base\Module->runAction()
#9 D:\wamp\www\paper\vendor\yiisoft\yii2\base\Application.php(375): yii\web\Application->handleRequest()
#10 D:\wamp\www\paper\backend\web\index.php(18): yii\base\Application->run()
#11 {main}
2021-03-24 04:50:23 [::1][1][dg6l7ak9tida51u0338iqmo464][info][application] $_COOKIE = [
    'isfreeretainend' => 'true'
    'freePromorunningtmr' => '-40000'
    'vipPromorunningtmr' => ''
    'isvipretainend' => ''
    '_csrf' => 'fd992728f2442e97fb812b9fc052e01639e88cfb128edfdc946a300469e77a21a:2:{i:0;s:5:\"_csrf\";i:1;s:32:\"nP4vrf6HOEdptoxaF5JYmzrmWDFmuvga\";}'
    'PHPSESSID' => 'dg6l7ak9tida51u0338iqmo464'
    '_identity' => '3f453758046abb7b01624f9c4e80a6f592a97f797adf1c8a5fb64afa3e06481fa:2:{i:0;s:9:\"_identity\";i:1;s:46:\"[1,\"pG7TRyTIXlEbcenpi34TzmMYS2zDsMTF\",2592000]\";}'
]

$_SESSION = [
    '__flash' => []
    '__returnUrl' => '/paper/backend/web/index.php'
    '__id' => 1
]

$_SERVER = [
    'HTTP_HOST' => 'localhost'
    'HTTP_CONNECTION' => 'keep-alive'
    'HTTP_UPGRADE_INSECURE_REQUESTS' => '1'
    'HTTP_USER_AGENT' => 'Mozilla/5.0 (Windows NT 10.0; Win64; x64) AppleWebKit/537.36 (KHTML, like Gecko) Chrome/88.0.4324.182 Safari/537.36'
    'HTTP_ACCEPT' => 'text/html,application/xhtml+xml,application/xml;q=0.9,image/avif,image/webp,image/apng,*/*;q=0.8,application/signed-exchange;v=b3;q=0.9'
    'HTTP_SEC_FETCH_SITE' => 'same-origin'
    'HTTP_SEC_FETCH_MODE' => 'navigate'
    'HTTP_SEC_FETCH_DEST' => 'document'
    'HTTP_SEC_CH_UA' => '\"Chromium\";v=\"88\", \"Google Chrome\";v=\"88\", \";Not A Brand\";v=\"99\"'
    'HTTP_SEC_CH_UA_MOBILE' => '?0'
    'HTTP_REFERER' => 'http://localhost/paper/backend/web/index.php?r=site%2Flogin'
    'HTTP_ACCEPT_ENCODING' => 'gzip, deflate, br'
    'HTTP_ACCEPT_LANGUAGE' => 'zh-CN,zh;q=0.9,en;q=0.8'
    'HTTP_COOKIE' => 'isfreeretainend=true; freePromorunningtmr=-40000; vipPromorunningtmr=; isvipretainend=; _csrf=fd992728f2442e97fb812b9fc052e01639e88cfb128edfdc946a300469e77a21a%3A2%3A%7Bi%3A0%3Bs%3A5%3A%22_csrf%22%3Bi%3A1%3Bs%3A32%3A%22nP4vrf6HOEdptoxaF5JYmzrmWDFmuvga%22%3B%7D; PHPSESSID=dg6l7ak9tida51u0338iqmo464; _identity=3f453758046abb7b01624f9c4e80a6f592a97f797adf1c8a5fb64afa3e06481fa%3A2%3A%7Bi%3A0%3Bs%3A9%3A%22_identity%22%3Bi%3A1%3Bs%3A46%3A%22%5B1%2C%22pG7TRyTIXlEbcenpi34TzmMYS2zDsMTF%22%2C2592000%5D%22%3B%7D'
    'PATH' => 'C:\\Program Files (x86)\\Common Files\\Oracle\\Java\\javapath;C:\\Program Files (x86)\\Intel\\Intel(R) Management Engine Components\\iCLS\\;C:\\Program Files\\Intel\\Intel(R) Management Engine Components\\iCLS\\;C:\\Windows\\system32;C:\\Windows;C:\\Windows\\System32\\Wbem;C:\\Windows\\System32\\WindowsPowerShell\\v1.0\\;C:\\Program Files (x86)\\Intel\\Intel(R) Management Engine Components\\DAL;C:\\Program Files\\Intel\\Intel(R) Management Engine Components\\DAL;C:\\Program Files (x86)\\Intel\\Intel(R) Management Engine Components\\IPT;C:\\Program Files\\Intel\\Intel(R) Management Engine Components\\IPT;C:\\Program Files (x86)\\NVIDIA Corporation\\PhysX\\Common;C:\\WINDOWS\\system32;C:\\WINDOWS;C:\\WINDOWS\\System32\\Wbem;C:\\WINDOWS\\System32\\WindowsPowerShell\\v1.0\\;C:\\WINDOWS\\System32\\OpenSSH\\;D:\\DevTools\\jdk\\bin;C:\\Program Files\\dotnet\\;D:\\Andriod SDK\\tools;\";D:\\Andriod SDK\\build-tools\\25.0.3;D:\\Andriod SDK\\platform-tools;D:\\Andriod SDK\\tools;\";D:\\wamp\\bin\\php\\php5.5.12;E:\\Git\\Git\\cmd;C:\\WINDOWS\\system32\\config\\systemprofile\\AppData\\Local\\Microsoft\\WindowsApps'
    'SystemRoot' => 'C:\\WINDOWS'
    'COMSPEC' => 'C:\\WINDOWS\\system32\\cmd.exe'
    'PATHEXT' => '.COM;.EXE;.BAT;.CMD;.VBS;.VBE;.JS;.JSE;.WSF;.WSH;.MSC'
    'WINDIR' => 'C:\\WINDOWS'
    'SERVER_SIGNATURE' => '<address>Apache/2.4.9 (Win64) PHP/5.5.12 Server at localhost Port 80</address>
'
    'SERVER_SOFTWARE' => 'Apache/2.4.9 (Win64) PHP/5.5.12'
    'SERVER_NAME' => 'localhost'
    'SERVER_ADDR' => '::1'
    'SERVER_PORT' => '80'
    'REMOTE_ADDR' => '::1'
    'DOCUMENT_ROOT' => 'D:/wamp/www/'
    'REQUEST_SCHEME' => 'http'
    'CONTEXT_PREFIX' => ''
    'CONTEXT_DOCUMENT_ROOT' => 'D:/wamp/www/'
    'SERVER_ADMIN' => 'admin@example.com'
    'SCRIPT_FILENAME' => 'D:/wamp/www/paper/backend/web/index.php'
    'REMOTE_PORT' => '51981'
    'GATEWAY_INTERFACE' => 'CGI/1.1'
    'SERVER_PROTOCOL' => 'HTTP/1.1'
    'REQUEST_METHOD' => 'GET'
    'QUERY_STRING' => ''
    'REQUEST_URI' => '/paper/backend/web/index.php'
    'SCRIPT_NAME' => '/paper/backend/web/index.php'
    'PHP_SELF' => '/paper/backend/web/index.php'
    'REQUEST_TIME_FLOAT' => 1616557823.741
    'REQUEST_TIME' => 1616557823
]
2021-03-24 04:50:30 [::1][1][dg6l7ak9tida51u0338iqmo464][error][yii\base\ErrorException:8] exception 'yii\base\ErrorException' with message 'Use of undefined constant Lin - assumed 'Lin'' in D:\wamp\www\paper\backend\views\layouts\main.php:72
Stack trace:
#0 D:\wamp\www\paper\vendor\yiisoft\yii2\base\View.php(247): yii\base\View->renderPhpFile()
#1 D:\wamp\www\paper\vendor\yiisoft\yii2\base\Controller.php(393): yii\base\View->renderFile()
#2 D:\wamp\www\paper\vendor\yiisoft\yii2\base\Controller.php(379): yii\base\Controller->renderContent()
#3 D:\wamp\www\paper\backend\controllers\SiteController.php(58): yii\base\Controller->render()
#4 D:\wamp\www\paper\vendor\yiisoft\yii2\base\InlineAction.php(55): backend\controllers\SiteController->actionIndex()
#5 D:\wamp\www\paper\vendor\yiisoft\yii2\base\InlineAction.php(55): ::call_user_func_array:{D:\wamp\www\paper\vendor\yiisoft\yii2\base\InlineAction.php:55}()
#6 D:\wamp\www\paper\vendor\yiisoft\yii2\base\Controller.php(154): yii\base\InlineAction->runWithParams()
#7 D:\wamp\www\paper\vendor\yiisoft\yii2\base\Module.php(454): yii\base\Controller->runAction()
#8 D:\wamp\www\paper\vendor\yiisoft\yii2\web\Application.php(84): yii\base\Module->runAction()
#9 D:\wamp\www\paper\vendor\yiisoft\yii2\base\Application.php(375): yii\web\Application->handleRequest()
#10 D:\wamp\www\paper\backend\web\index.php(18): yii\base\Application->run()
#11 {main}
2021-03-24 04:50:30 [::1][1][dg6l7ak9tida51u0338iqmo464][info][application] $_COOKIE = [
    'isfreeretainend' => 'true'
    'freePromorunningtmr' => '-40000'
    'vipPromorunningtmr' => ''
    'isvipretainend' => ''
    '_csrf' => 'fd992728f2442e97fb812b9fc052e01639e88cfb128edfdc946a300469e77a21a:2:{i:0;s:5:\"_csrf\";i:1;s:32:\"nP4vrf6HOEdptoxaF5JYmzrmWDFmuvga\";}'
    'PHPSESSID' => 'dg6l7ak9tida51u0338iqmo464'
    '_identity' => '3f453758046abb7b01624f9c4e80a6f592a97f797adf1c8a5fb64afa3e06481fa:2:{i:0;s:9:\"_identity\";i:1;s:46:\"[1,\"pG7TRyTIXlEbcenpi34TzmMYS2zDsMTF\",2592000]\";}'
]

$_SESSION = [
    '__flash' => []
    '__returnUrl' => '/paper/backend/web/index.php'
    '__id' => 1
]

$_SERVER = [
    'HTTP_HOST' => 'localhost'
    'HTTP_CONNECTION' => 'keep-alive'
    'HTTP_CACHE_CONTROL' => 'max-age=0'
    'HTTP_SEC_CH_UA' => '\"Chromium\";v=\"88\", \"Google Chrome\";v=\"88\", \";Not A Brand\";v=\"99\"'
    'HTTP_SEC_CH_UA_MOBILE' => '?0'
    'HTTP_UPGRADE_INSECURE_REQUESTS' => '1'
    'HTTP_USER_AGENT' => 'Mozilla/5.0 (Windows NT 10.0; Win64; x64) AppleWebKit/537.36 (KHTML, like Gecko) Chrome/88.0.4324.182 Safari/537.36'
    'HTTP_ACCEPT' => 'text/html,application/xhtml+xml,application/xml;q=0.9,image/avif,image/webp,image/apng,*/*;q=0.8,application/signed-exchange;v=b3;q=0.9'
    'HTTP_SEC_FETCH_SITE' => 'same-origin'
    'HTTP_SEC_FETCH_MODE' => 'navigate'
    'HTTP_SEC_FETCH_USER' => '?1'
    'HTTP_SEC_FETCH_DEST' => 'document'
    'HTTP_REFERER' => 'http://localhost/paper/backend/web/index.php?r=site%2Flogin'
    'HTTP_ACCEPT_ENCODING' => 'gzip, deflate, br'
    'HTTP_ACCEPT_LANGUAGE' => 'zh-CN,zh;q=0.9,en;q=0.8'
    'HTTP_COOKIE' => 'isfreeretainend=true; freePromorunningtmr=-40000; vipPromorunningtmr=; isvipretainend=; _csrf=fd992728f2442e97fb812b9fc052e01639e88cfb128edfdc946a300469e77a21a%3A2%3A%7Bi%3A0%3Bs%3A5%3A%22_csrf%22%3Bi%3A1%3Bs%3A32%3A%22nP4vrf6HOEdptoxaF5JYmzrmWDFmuvga%22%3B%7D; PHPSESSID=dg6l7ak9tida51u0338iqmo464; _identity=3f453758046abb7b01624f9c4e80a6f592a97f797adf1c8a5fb64afa3e06481fa%3A2%3A%7Bi%3A0%3Bs%3A9%3A%22_identity%22%3Bi%3A1%3Bs%3A46%3A%22%5B1%2C%22pG7TRyTIXlEbcenpi34TzmMYS2zDsMTF%22%2C2592000%5D%22%3B%7D'
    'PATH' => 'C:\\Program Files (x86)\\Common Files\\Oracle\\Java\\javapath;C:\\Program Files (x86)\\Intel\\Intel(R) Management Engine Components\\iCLS\\;C:\\Program Files\\Intel\\Intel(R) Management Engine Components\\iCLS\\;C:\\Windows\\system32;C:\\Windows;C:\\Windows\\System32\\Wbem;C:\\Windows\\System32\\WindowsPowerShell\\v1.0\\;C:\\Program Files (x86)\\Intel\\Intel(R) Management Engine Components\\DAL;C:\\Program Files\\Intel\\Intel(R) Management Engine Components\\DAL;C:\\Program Files (x86)\\Intel\\Intel(R) Management Engine Components\\IPT;C:\\Program Files\\Intel\\Intel(R) Management Engine Components\\IPT;C:\\Program Files (x86)\\NVIDIA Corporation\\PhysX\\Common;C:\\WINDOWS\\system32;C:\\WINDOWS;C:\\WINDOWS\\System32\\Wbem;C:\\WINDOWS\\System32\\WindowsPowerShell\\v1.0\\;C:\\WINDOWS\\System32\\OpenSSH\\;D:\\DevTools\\jdk\\bin;C:\\Program Files\\dotnet\\;D:\\Andriod SDK\\tools;\";D:\\Andriod SDK\\build-tools\\25.0.3;D:\\Andriod SDK\\platform-tools;D:\\Andriod SDK\\tools;\";D:\\wamp\\bin\\php\\php5.5.12;E:\\Git\\Git\\cmd;C:\\WINDOWS\\system32\\config\\systemprofile\\AppData\\Local\\Microsoft\\WindowsApps'
    'SystemRoot' => 'C:\\WINDOWS'
    'COMSPEC' => 'C:\\WINDOWS\\system32\\cmd.exe'
    'PATHEXT' => '.COM;.EXE;.BAT;.CMD;.VBS;.VBE;.JS;.JSE;.WSF;.WSH;.MSC'
    'WINDIR' => 'C:\\WINDOWS'
    'SERVER_SIGNATURE' => '<address>Apache/2.4.9 (Win64) PHP/5.5.12 Server at localhost Port 80</address>
'
    'SERVER_SOFTWARE' => 'Apache/2.4.9 (Win64) PHP/5.5.12'
    'SERVER_NAME' => 'localhost'
    'SERVER_ADDR' => '::1'
    'SERVER_PORT' => '80'
    'REMOTE_ADDR' => '::1'
    'DOCUMENT_ROOT' => 'D:/wamp/www/'
    'REQUEST_SCHEME' => 'http'
    'CONTEXT_PREFIX' => ''
    'CONTEXT_DOCUMENT_ROOT' => 'D:/wamp/www/'
    'SERVER_ADMIN' => 'admin@example.com'
    'SCRIPT_FILENAME' => 'D:/wamp/www/paper/backend/web/index.php'
    'REMOTE_PORT' => '51986'
    'GATEWAY_INTERFACE' => 'CGI/1.1'
    'SERVER_PROTOCOL' => 'HTTP/1.1'
    'REQUEST_METHOD' => 'GET'
    'QUERY_STRING' => ''
    'REQUEST_URI' => '/paper/backend/web/index.php'
    'SCRIPT_NAME' => '/paper/backend/web/index.php'
    'PHP_SELF' => '/paper/backend/web/index.php'
    'REQUEST_TIME_FLOAT' => 1616557830.775
    'REQUEST_TIME' => 1616557830
]
